<?xml version="1.0" encoding="UTF-8"?>
<!-- Generated by org.testng.reporters.JUnitXMLReporter -->
<testsuite ignored="0" hostname="DESKTOP-7A21NI6" failures="0" tests="2" name="Test" time="0.031" errors="0" timestamp="15 Feb 2022 17:49:16 GMT">
  <testcase classname="NewTest" name="@BeforeClass beforeClass" time="0.0">
    <failure type="java.lang.NoClassDefFoundError" message="org/apache/hc/core5/http/ClassicHttpRequest">
      <![CDATA[java.lang.NoClassDefFoundError: org/apache/hc/core5/http/ClassicHttpRequest
at NewTest.beforeClass(NewTest.java:34)
Caused by: java.lang.ClassNotFoundException: org.apache.hc.core5.http.ClassicHttpRequest
at java.base/jdk.internal.loader.BuiltinClassLoader.loadClass(BuiltinClassLoader.java:581)
at java.base/jdk.internal.loader.ClassLoaders$AppClassLoader.loadClass(ClassLoaders.java:178)
at java.base/java.lang.ClassLoader.loadClass(ClassLoader.java:521)
... 27 more
... Removed 26 stack frames]]>
    </failure>
  </testcase> <!-- @BeforeClass beforeClass -->
  <testcase classname="NewTest" name="@AfterClass afterClass" time="0.0">
    <skipped/>
  </testcase> <!-- @AfterClass afterClass -->
  <testcase classname="NewTest" name="test1" time="0.0">
    <skipped/>
  </testcase> <!-- test1 -->
  <testcase classname="NewTest" name="test2" time="0.0">
    <skipped/>
  </testcase> <!-- test2 -->
</testsuite> <!-- Test -->
