<?xml version="1.0" encoding="UTF-8"?>
<testng-results ignored="0" total="2" passed="2" failed="0" skipped="0">
  <reporter-output>
  </reporter-output>
  <suite started-at="2022-02-15T13:03:17 EST" name="Default suite" finished-at="2022-02-15T13:03:19 EST" duration-ms="2461">
    <groups>
    </groups>
    <test started-at="2022-02-15T13:03:17 EST" name="Default test" finished-at="2022-02-15T13:03:19 EST" duration-ms="2461">
      <class name="NewTest">
        <test-method is-config="true" signature="beforeClass()[pri:0, instance:NewTest@611889f4]" started-at="2022-02-15T13:03:17 EST" name="beforeClass" finished-at="2022-02-15T13:03:19 EST" duration-ms="2427" status="PASS">
          <reporter-output>
          </reporter-output>
        </test-method> <!-- beforeClass -->
        <test-method signature="test1()[pri:0, instance:NewTest@611889f4]" started-at="2022-02-15T13:03:19 EST" name="test1" finished-at="2022-02-15T13:03:19 EST" duration-ms="3" status="PASS">
          <reporter-output>
          </reporter-output>
        </test-method> <!-- test1 -->
        <test-method signature="test2()[pri:0, instance:NewTest@611889f4]" started-at="2022-02-15T13:03:19 EST" name="test2" finished-at="2022-02-15T13:03:19 EST" duration-ms="0" status="PASS">
          <reporter-output>
          </reporter-output>
        </test-method> <!-- test2 -->
        <test-method is-config="true" signature="afterClass()[pri:0, instance:NewTest@611889f4]" started-at="2022-02-15T13:03:19 EST" name="afterClass" finished-at="2022-02-15T13:03:19 EST" duration-ms="0" status="PASS">
          <reporter-output>
          </reporter-output>
        </test-method> <!-- afterClass -->
      </class> <!-- NewTest -->
    </test> <!-- Default test -->
  </suite> <!-- Default suite -->
</testng-results>
